WARNING: A restricted method in java.lang.System has been called
WARNING: java.lang.System::load has been called by net.rubygrapefruit.platform.internal.NativeLibraryLoader in an unnamed module (file:/C:/WINDOWS/TEMP/gradle/cache/wrapper/dists/gradle-9.3.1-bin/23ovyewtku6u96viwx3xl3oks/gradle-9.3.1/lib/native-platform-0.22-milestone-29.jar)
WARNING: Use --enable-native-access=ALL-UNNAMED to avoid a warning for callers in this module
WARNING: Restricted methods will be blocked in a future release unless native access is enabled


> Configure project :
Fabric Loom: 1.15.3

> Task :clean

> Task :compileJava FAILED
C:\Users\xxxio\Downloads\mod\src\main\java\com\autocraftmod\autocraft\AutoCrafter.java:202: error: cannot find symbol
            Optional<ItemStack> matching = ingredient.getMatchingStacks().findFirst();
                                                     ^
  symbol:   method getMatchingStacks()
  location: variable ingredient of type Ingredient
C:\Users\xxxio\Downloads\mod\src\main\java\com\autocraftmod\autocraft\AutoCraftMod.java:35: error: incompatible types: String cannot be converted to Category
                "key.categories.misc"));
                ^
C:\Users\xxxio\Downloads\mod\src\main\java\com\autocraftmod\autocraft\gui\RecipeListWidget.java:18: error: RecipeListWidget is not abstract and does not override abstract method appendClickableNarrations(NarrationMessageBuilder) in ClickableWidget
public class RecipeListWidget extends EntryListWidget<RecipeListWidget.RecipeEntry> {
       ^
C:\Users\xxxio\Downloads\mod\src\main\java\com\autocraftmod\autocraft\gui\RecipeListWidget.java:36: error: cannot find symbol
        this.clear();
            ^
  symbol: method clear()
C:\Users\xxxio\Downloads\mod\src\main\java\com\autocraftmod\autocraft\gui\RecipeListWidget.java:90: error: method does not override or implement a method from a supertype
        @Override
        ^
C:\Users\xxxio\Downloads\mod\src\main\java\com\autocraftmod\autocraft\gui\RecipeListWidget.java:99: error: method does not override or implement a method from a supertype
        @Override
        ^
C:\Users\xxxio\Downloads\mod\src\main\java\com\autocraftmod\autocraft\gui\RecipeListWidget.java:104: error: method does not override or implement a method from a supertype
        @Override
        ^
C:\Users\xxxio\Downloads\mod\src\main\java\com\autocraftmod\autocraft\RecipeTreeCache.java:52: error: cannot find symbol
        Collection<RecipeEntry<?>> recipes = recipeManager.values();
                                                          ^
  symbol:   method values()
  location: variable recipeManager of type RecipeManager
C:\Users\xxxio\Downloads\mod\src\main\java\com\autocraftmod\autocraft\RecipeTreeCache.java:63: error: cannot find symbol
            net.minecraft.item.ItemStack output = recipe.getResult(client.world.getRegistryManager());
                                                        ^
  symbol:   method getResult(DynamicRegistryManager)
  location: variable recipe of type Recipe<?>
C:\Users\xxxio\Downloads\mod\src\main\java\com\autocraftmod\autocraft\RecipeTreeCache.java:70: error: cannot find symbol
            List<Ingredient> ingredients = recipe.getIngredients();
                                                 ^
  symbol:   method getIngredients()
  location: variable recipe of type Recipe<?>
C:\Users\xxxio\Downloads\mod\src\main\java\com\autocraftmod\autocraft\RecipeTreeCache.java:79: error: cannot find symbol
                net.minecraft.item.ItemStack[] matchingStacks = ingredient.getMatchingStacks();
                                                                          ^
  symbol:   method getMatchingStacks()
  location: variable ingredient of type Ingredient
Note: Some messages have been simplified; recompile with -Xdiags:verbose to get full output
11 errors

[Incubating] Problems report is available at: file:///C:/Users/xxxio/Downloads/mod/build/reports/problems/problems-report.html

FAILURE: Build failed with an exception.

* What went wrong:
Execution failed for task ':compileJava'.
> Compilation failed; see the compiler output below.
  C:\Users\xxxio\Downloads\mod\src\main\java\com\autocraftmod\autocraft\gui\RecipeListWidget.java:36: error: cannot find symbol
          this.clear();
              ^
    symbol: method clear()
  C:\Users\xxxio\Downloads\mod\src\main\java\com\autocraftmod\autocraft\gui\RecipeListWidget.java:18: error: RecipeListWidget is not abstract and does not override abstract method appendClickableNarrations(NarrationMessageBuilder) in ClickableWidget
  public class RecipeListWidget extends EntryListWidget<RecipeListWidget.RecipeEntry> {
         ^
  C:\Users\xxxio\Downloads\mod\src\main\java\com\autocraftmod\autocraft\AutoCraftMod.java:35: error: incompatible types: String cannot be converted to Category
                  "key.categories.misc"));
                  ^
  C:\Users\xxxio\Downloads\mod\src\main\java\com\autocraftmod\autocraft\gui\RecipeListWidget.java:90: error: method does not override or implement a method from a supertype
          @Override
          ^
  C:\Users\xxxio\Downloads\mod\src\main\java\com\autocraftmod\autocraft\gui\RecipeListWidget.java:99: error: method does not override or implement a method from a supertype
          @Override
          ^
  C:\Users\xxxio\Downloads\mod\src\main\java\com\autocraftmod\autocraft\gui\RecipeListWidget.java:104: error: method does not override or implement a method from a supertype
          @Override
          ^
  Note: Some messages have been simplified; recompile with -Xdiags:verbose to get full output
  C:\Users\xxxio\Downloads\mod\src\main\java\com\autocraftmod\autocraft\AutoCrafter.java:202: error: cannot find symbol
              Optional<ItemStack> matching = ingredient.getMatchingStacks().findFirst();
                                                       ^
    symbol:   method getMatchingStacks()
    location: variable ingredient of type Ingredient
  C:\Users\xxxio\Downloads\mod\src\main\java\com\autocraftmod\autocraft\RecipeTreeCache.java:52: error: cannot find symbol
          Collection<RecipeEntry<?>> recipes = recipeManager.values();
                                                            ^
    symbol:   method values()
    location: variable recipeManager of type RecipeManager
  C:\Users\xxxio\Downloads\mod\src\main\java\com\autocraftmod\autocraft\RecipeTreeCache.java:63: error: cannot find symbol
              net.minecraft.item.ItemStack output = recipe.getResult(client.world.getRegistryManager());
                                                          ^
    symbol:   method getResult(DynamicRegistryManager)
    location: variable recipe of type Recipe<?>
  C:\Users\xxxio\Downloads\mod\src\main\java\com\autocraftmod\autocraft\RecipeTreeCache.java:70: error: cannot find symbol
              List<Ingredient> ingredients = recipe.getIngredients();
                                                   ^
    symbol:   method getIngredients()
    location: variable recipe of type Recipe<?>
  C:\Users\xxxio\Downloads\mod\src\main\java\com\autocraftmod\autocraft\RecipeTreeCache.java:79: error: cannot find symbol
                  net.minecraft.item.ItemStack[] matchingStacks = ingredient.getMatchingStacks();
                                                                            ^
    symbol:   method getMatchingStacks()
    location: variable ingredient of type Ingredient
  11 errors

* Try:
> Check your code and dependencies to fix the compilation error(s)
> Run with --scan to get full insights from a Build Scan (powered by Develocity).

* Exception is:
org.gradle.api.tasks.TaskExecutionException: Execution failed for task ':compileJava'.
	at org.gradle.api.internal.tasks.execution.ExecuteActionsTaskExecuter.lambda$executeIfValid$1(ExecuteActionsTaskExecuter.java:135)
	at org.gradle.internal.Try$Failure.ifSuccessfulOrElse(Try.java:288)
	at org.gradle.api.internal.tasks.execution.ExecuteActionsTaskExecuter.executeIfValid(ExecuteActionsTaskExecuter.java:133)
	at org.gradle.api.internal.tasks.execution.ExecuteActionsTaskExecuter.execute(ExecuteActionsTaskExecuter.java:121)
	at org.gradle.api.internal.tasks.execution.ProblemsTaskPathTrackingTaskExecuter.execute(ProblemsTaskPathTrackingTaskExecuter.java:41)
	at org.gradle.api.internal.tasks.execution.FinalizePropertiesTaskExecuter.execute(FinalizePropertiesTaskExecuter.java:46)
	at org.gradle.api.internal.tasks.execution.ResolveTaskExecutionModeExecuter.execute(ResolveTaskExecutionModeExecuter.java:51)
	at org.gradle.api.internal.tasks.execution.SkipTaskWithNoActionsExecuter.execute(SkipTaskWithNoActionsExecuter.java:57)
	at org.gradle.api.internal.tasks.execution.SkipOnlyIfTaskExecuter.execute(SkipOnlyIfTaskExecuter.java:74)
	at org.gradle.api.internal.tasks.execution.CatchExceptionTaskExecuter.execute(CatchExceptionTaskExecuter.java:36)
	at org.gradle.api.internal.tasks.execution.EventFiringTaskExecuter$1.executeTask(EventFiringTaskExecuter.java:77)
	at org.gradle.api.internal.tasks.execution.EventFiringTaskExecuter$1.call(EventFiringTaskExecuter.java:55)
	at org.gradle.api.internal.tasks.execution.EventFiringTaskExecuter$1.call(EventFiringTaskExecuter.java:52)
	at org.gradle.internal.operations.DefaultBuildOperationRunner$CallableBuildOperationWorker.execute(DefaultBuildOperationRunner.java:209)
	at org.gradle.internal.operations.DefaultBuildOperationRunner$CallableBuildOperationWorker.execute(DefaultBuildOperationRunner.java:204)
	at org.gradle.internal.operations.DefaultBuildOperationRunner$2.execute(DefaultBuildOperationRunner.java:66)
	at org.gradle.internal.operations.DefaultBuildOperationRunner$2.execute(DefaultBuildOperationRunner.java:59)
	at org.gradle.internal.operations.DefaultBuildOperationRunner.execute(DefaultBuildOperationRunner.java:166)
	at org.gradle.internal.operations.DefaultBuildOperationRunner.execute(DefaultBuildOperationRunner.java:59)
	at org.gradle.internal.operations.DefaultBuildOperationRunner.call(DefaultBuildOperationRunner.java:53)
	at org.gradle.api.internal.tasks.execution.EventFiringTaskExecuter.execute(EventFiringTaskExecuter.java:52)
	at org.gradle.execution.plan.DefaultNodeExecutor.executeLocalTaskNode(DefaultNodeExecutor.java:55)
	at org.gradle.execution.plan.DefaultNodeExecutor.execute(DefaultNodeExecutor.java:34)
	at org.gradle.execution.taskgraph.DefaultTaskExecutionGraph$InvokeNodeExecutorsAction.execute(DefaultTaskExecutionGraph.java:355)
	at org.gradle.execution.taskgraph.DefaultTaskExecutionGraph$InvokeNodeExecutorsAction.execute(DefaultTaskExecutionGraph.java:343)
	at org.gradle.execution.taskgraph.DefaultTaskExecutionGraph$BuildOperationAwareExecutionAction.lambda$execute$0(DefaultTaskExecutionGraph.java:339)
	at org.gradle.internal.operations.CurrentBuildOperationRef.with(CurrentBuildOperationRef.java:84)
	at org.gradle.execution.taskgraph.DefaultTaskExecutionGraph$BuildOperationAwareExecutionAction.execute(DefaultTaskExecutionGraph.java:339)
	at org.gradle.execution.taskgraph.DefaultTaskExecutionGraph$BuildOperationAwareExecutionAction.execute(DefaultTaskExecutionGraph.java:328)
	at org.gradle.execution.plan.DefaultPlanExecutor$ExecutorWorker.execute(DefaultPlanExecutor.java:459)
	at org.gradle.execution.plan.DefaultPlanExecutor$ExecutorWorker.run(DefaultPlanExecutor.java:376)
	at org.gradle.internal.concurrent.ExecutorPolicy$CatchAndRecordFailures.onExecute(ExecutorPolicy.java:64)
	at org.gradle.internal.concurrent.AbstractManagedExecutor$1.run(AbstractManagedExecutor.java:47)
Caused by: org.gradle.api.internal.tasks.compile.CompilationFailedException: Compilation failed; see the compiler output below.
C:\Users\xxxio\Downloads\mod\src\main\java\com\autocraftmod\autocraft\AutoCrafter.java:202: error: cannot find symbol
            Optional<ItemStack> matching = ingredient.getMatchingStacks().findFirst();
                                                     ^
  symbol:   method getMatchingStacks()
  location: variable ingredient of type Ingredient
C:\Users\xxxio\Downloads\mod\src\main\java\com\autocraftmod\autocraft\AutoCraftMod.java:35: error: incompatible types: String cannot be converted to Category
                "key.categories.misc"));
                ^
C:\Users\xxxio\Downloads\mod\src\main\java\com\autocraftmod\autocraft\gui\RecipeListWidget.java:18: error: RecipeListWidget is not abstract and does not override abstract method appendClickableNarrations(NarrationMessageBuilder) in ClickableWidget
public class RecipeListWidget extends EntryListWidget<RecipeListWidget.RecipeEntry> {
       ^
C:\Users\xxxio\Downloads\mod\src\main\java\com\autocraftmod\autocraft\gui\RecipeListWidget.java:36: error: cannot find symbol
        this.clear();
            ^
  symbol: method clear()
C:\Users\xxxio\Downloads\mod\src\main\java\com\autocraftmod\autocraft\gui\RecipeListWidget.java:90: error: method does not override or implement a method from a supertype
        @Override
        ^
C:\Users\xxxio\Downloads\mod\src\main\java\com\autocraftmod\autocraft\gui\RecipeListWidget.java:99: error: method does not override or implement a method from a supertype
        @Override
        ^
C:\Users\xxxio\Downloads\mod\src\main\java\com\autocraftmod\autocraft\gui\RecipeListWidget.java:104: error: method does not override or implement a method from a supertype
        @Override
        ^
C:\Users\xxxio\Downloads\mod\src\main\java\com\autocraftmod\autocraft\RecipeTreeCache.java:52: error: cannot find symbol
        Collection<RecipeEntry<?>> recipes = recipeManager.values();
                                                          ^
  symbol:   method values()
  location: variable recipeManager of type RecipeManager
C:\Users\xxxio\Downloads\mod\src\main\java\com\autocraftmod\autocraft\RecipeTreeCache.java:63: error: cannot find symbol
            net.minecraft.item.ItemStack output = recipe.getResult(client.world.getRegistryManager());
                                                        ^
  symbol:   method getResult(DynamicRegistryManager)
  location: variable recipe of type Recipe<?>
C:\Users\xxxio\Downloads\mod\src\main\java\com\autocraftmod\autocraft\RecipeTreeCache.java:70: error: cannot find symbol
            List<Ingredient> ingredients = recipe.getIngredients();
                                                 ^
  symbol:   method getIngredients()
  location: variable recipe of type Recipe<?>
C:\Users\xxxio\Downloads\mod\src\main\java\com\autocraftmod\autocraft\RecipeTreeCache.java:79: error: cannot find symbol
                net.minecraft.item.ItemStack[] matchingStacks = ingredient.getMatchingStacks();
                                                                          ^
  symbol:   method getMatchingStacks()
  location: variable ingredient of type Ingredient
Note: Some messages have been simplified; recompile with -Xdiags:verbose to get full output
11 errors
	at org.gradle.api.internal.tasks.compile.JdkJavaCompiler.execute(JdkJavaCompiler.java:89)
	at org.gradle.api.internal.tasks.compile.JdkJavaCompiler.execute(JdkJavaCompiler.java:50)
	at org.gradle.api.internal.tasks.compile.NormalizingJavaCompiler.delegateAndHandleErrors(NormalizingJavaCompiler.java:98)
	at org.gradle.api.internal.tasks.compile.NormalizingJavaCompiler.execute(NormalizingJavaCompiler.java:52)
	at org.gradle.api.internal.tasks.compile.NormalizingJavaCompiler.execute(NormalizingJavaCompiler.java:38)
	at org.gradle.api.internal.tasks.compile.AnnotationProcessorDiscoveringCompiler.execute(AnnotationProcessorDiscoveringCompiler.java:52)
	at org.gradle.api.internal.tasks.compile.AnnotationProcessorDiscoveringCompiler.execute(AnnotationProcessorDiscoveringCompiler.java:38)
	at org.gradle.api.internal.tasks.compile.ModuleApplicationNameWritingCompiler.execute(ModuleApplicationNameWritingCompiler.java:46)
	at org.gradle.api.internal.tasks.compile.ModuleApplicationNameWritingCompiler.execute(ModuleApplicationNameWritingCompiler.java:36)
	at org.gradle.jvm.toolchain.internal.DefaultToolchainJavaCompiler.execute(DefaultToolchainJavaCompiler.java:57)
	at org.gradle.api.tasks.compile.JavaCompile.lambda$createToolchainCompiler$3(JavaCompile.java:206)
	at org.gradle.api.internal.tasks.compile.CleaningJavaCompiler.execute(CleaningJavaCompiler.java:53)
	at org.gradle.api.internal.tasks.compile.incremental.IncrementalCompilerFactory.lambda$createRebuildAllCompiler$0(IncrementalCompilerFactory.java:55)
	at org.gradle.api.internal.tasks.compile.incremental.SelectiveCompiler.execute(SelectiveCompiler.java:70)
	at org.gradle.api.internal.tasks.compile.incremental.SelectiveCompiler.execute(SelectiveCompiler.java:44)
	at org.gradle.api.internal.tasks.compile.incremental.IncrementalResultStoringCompiler.execute(IncrementalResultStoringCompiler.java:66)
	at org.gradle.api.internal.tasks.compile.incremental.IncrementalResultStoringCompiler.execute(IncrementalResultStoringCompiler.java:52)
	at org.gradle.api.internal.tasks.compile.CompileJavaBuildOperationReportingCompiler$1.call(CompileJavaBuildOperationReportingCompiler.java:64)
	at org.gradle.api.internal.tasks.compile.CompileJavaBuildOperationReportingCompiler$1.call(CompileJavaBuildOperationReportingCompiler.java:48)
	at org.gradle.internal.operations.DefaultBuildOperationRunner$CallableBuildOperationWorker.execute(DefaultBuildOperationRunner.java:209)
	at org.gradle.internal.operations.DefaultBuildOperationRunner$CallableBuildOperationWorker.execute(DefaultBuildOperationRunner.java:204)
	at org.gradle.internal.operations.DefaultBuildOperationRunner$2.execute(DefaultBuildOperationRunner.java:66)
	at org.gradle.internal.operations.DefaultBuildOperationRunner$2.execute(DefaultBuildOperationRunner.java:59)
	at org.gradle.internal.operations.DefaultBuildOperationRunner.execute(DefaultBuildOperationRunner.java:166)
	at org.gradle.internal.operations.DefaultBuildOperationRunner.execute(DefaultBuildOperationRunner.java:59)
	at org.gradle.internal.operations.DefaultBuildOperationRunner.call(DefaultBuildOperationRunner.java:53)
	at org.gradle.api.internal.tasks.compile.CompileJavaBuildOperationReportingCompiler.execute(CompileJavaBuildOperationReportingCompiler.java:48)
	at org.gradle.api.tasks.compile.JavaCompile.performCompilation(JavaCompile.java:224)
	at org.gradle.api.tasks.compile.JavaCompile.performIncrementalCompilation(JavaCompile.java:165)
	at org.gradle.api.tasks.compile.JavaCompile.compile(JavaCompile.java:150)
	at org.gradle.internal.reflect.JavaMethod.invoke(JavaMethod.java:125)
	at org.gradle.api.internal.project.taskfactory.IncrementalTaskAction.doExecute(IncrementalTaskAction.java:45)
	at org.gradle.api.internal.project.taskfactory.StandardTaskAction.execute(StandardTaskAction.java:51)
	at org.gradle.api.internal.project.taskfactory.IncrementalTaskAction.execute(IncrementalTaskAction.java:26)
	at org.gradle.api.internal.project.taskfactory.StandardTaskAction.execute(StandardTaskAction.java:29)
	at org.gradle.api.internal.tasks.execution.TaskExecution$3.run(TaskExecution.java:259)
	at org.gradle.internal.operations.DefaultBuildOperationRunner$1.execute(DefaultBuildOperationRunner.java:29)
	at org.gradle.internal.operations.DefaultBuildOperationRunner$1.execute(DefaultBuildOperationRunner.java:26)
	at org.gradle.internal.operations.DefaultBuildOperationRunner$2.execute(DefaultBuildOperationRunner.java:66)
	at org.gradle.internal.operations.DefaultBuildOperationRunner$2.execute(DefaultBuildOperationRunner.java:59)
	at org.gradle.internal.operations.DefaultBuildOperationRunner.execute(DefaultBuildOperationRunner.java:166)
	at org.gradle.internal.operations.DefaultBuildOperationRunner.execute(DefaultBuildOperationRunner.java:59)
	at org.gradle.internal.operations.DefaultBuildOperationRunner.run(DefaultBuildOperationRunner.java:47)
	at org.gradle.api.internal.tasks.execution.TaskExecution.executeAction(TaskExecution.java:244)
	at org.gradle.api.internal.tasks.execution.TaskExecution.executeActions(TaskExecution.java:227)
	at org.gradle.api.internal.tasks.execution.TaskExecution.executeWithPreviousOutputFiles(TaskExecution.java:210)
	at org.gradle.api.internal.tasks.execution.TaskExecution.execute(TaskExecution.java:176)
	at org.gradle.internal.execution.steps.ExecuteStep.executeInternal(ExecuteStep.java:110)
	at org.gradle.internal.execution.steps.ExecuteStep.access$000(ExecuteStep.java:47)
	at org.gradle.internal.execution.steps.ExecuteStep$1.call(ExecuteStep.java:64)
	at org.gradle.internal.execution.steps.ExecuteStep$1.call(ExecuteStep.java:61)
	at org.gradle.internal.operations.DefaultBuildOperationRunner$CallableBuildOperationWorker.execute(DefaultBuildOperationRunner.java:209)
	at org.gradle.internal.operations.DefaultBuildOperationRunner$CallableBuildOperationWorker.execute(DefaultBuildOperationRunner.java:204)
	at org.gradle.internal.operations.DefaultBuildOperationRunner$2.execute(DefaultBuildOperationRunner.java:66)
	at org.gradle.internal.operations.DefaultBuildOperationRunner$2.execute(DefaultBuildOperationRunner.java:59)
	at org.gradle.internal.operations.DefaultBuildOperationRunner.execute(DefaultBuildOperationRunner.java:166)
	at org.gradle.internal.operations.DefaultBuildOperationRunner.execute(DefaultBuildOperationRunner.java:59)
	at org.gradle.internal.operations.DefaultBuildOperationRunner.call(DefaultBuildOperationRunner.java:53)
	at org.gradle.internal.execution.steps.ExecuteStep.execute(ExecuteStep.java:61)
	at org.gradle.internal.execution.steps.ExecuteStep.execute(ExecuteStep.java:47)
	at org.gradle.internal.execution.steps.CancelExecutionStep.execute(CancelExecutionStep.java:42)
	at org.gradle.internal.execution.steps.TimeoutStep.executeWithoutTimeout(TimeoutStep.java:75)
	at org.gradle.internal.execution.steps.TimeoutStep.execute(TimeoutStep.java:55)
	at org.gradle.internal.execution.steps.PreCreateOutputParentsStep.execute(PreCreateOutputParentsStep.java:51)
	at org.gradle.internal.execution.steps.PreCreateOutputParentsStep.execute(PreCreateOutputParentsStep.java:29)
	at org.gradle.internal.execution.steps.RemovePreviousOutputsStep.executeMutable(RemovePreviousOutputsStep.java:70)
	at org.gradle.internal.execution.steps.RemovePreviousOutputsStep.executeMutable(RemovePreviousOutputsStep.java:40)
	at org.gradle.internal.execution.steps.MutableStep.execute(MutableStep.java:25)
	at org.gradle.internal.execution.steps.BroadcastChangingOutputsStep.execute(BroadcastChangingOutputsStep.java:62)
	at org.gradle.internal.execution.steps.BroadcastChangingOutputsStep.execute(BroadcastChangingOutputsStep.java:27)
	at org.gradle.internal.execution.steps.CaptureOutputsAfterExecutionStep.execute(CaptureOutputsAfterExecutionStep.java:69)
	at org.gradle.internal.execution.steps.CaptureOutputsAfterExecutionStep.execute(CaptureOutputsAfterExecutionStep.java:46)
	at org.gradle.internal.execution.steps.ResolveInputChangesStep.executeMutable(ResolveInputChangesStep.java:39)
	at org.gradle.internal.execution.steps.ResolveInputChangesStep.executeMutable(ResolveInputChangesStep.java:28)
	at org.gradle.internal.execution.steps.MutableStep.execute(MutableStep.java:25)
	at org.gradle.internal.execution.steps.BuildCacheStep.executeWithoutCache(BuildCacheStep.java:192)
	at org.gradle.internal.execution.steps.BuildCacheStep.lambda$execute$1(BuildCacheStep.java:76)
	at org.gradle.internal.Either$Right.fold(Either.java:176)
	at org.gradle.internal.execution.caching.CachingState.fold(CachingState.java:62)
	at org.gradle.internal.execution.steps.BuildCacheStep.execute(BuildCacheStep.java:74)
	at org.gradle.internal.execution.steps.BuildCacheStep.execute(BuildCacheStep.java:49)
	at org.gradle.internal.execution.steps.StoreExecutionStateStep.execute(StoreExecutionStateStep.java:46)
	at org.gradle.internal.execution.steps.StoreExecutionStateStep.execute(StoreExecutionStateStep.java:35)
	at org.gradle.internal.execution.steps.SkipUpToDateStep.executeBecause(SkipUpToDateStep.java:75)
	at org.gradle.internal.execution.steps.SkipUpToDateStep.lambda$execute$2(SkipUpToDateStep.java:53)
	at org.gradle.internal.execution.steps.SkipUpToDateStep.execute(SkipUpToDateStep.java:53)
	at org.gradle.internal.execution.steps.SkipUpToDateStep.execute(SkipUpToDateStep.java:35)
	at org.gradle.internal.execution.steps.legacy.MarkSnapshottingInputsFinishedStep.execute(MarkSnapshottingInputsFinishedStep.java:37)
	at org.gradle.internal.execution.steps.legacy.MarkSnapshottingInputsFinishedStep.execute(MarkSnapshottingInputsFinishedStep.java:27)
	at org.gradle.internal.execution.steps.ResolveIncrementalCachingStateStep.executeDelegate(ResolveIncrementalCachingStateStep.java:49)
	at org.gradle.internal.execution.steps.ResolveIncrementalCachingStateStep.executeDelegate(ResolveIncrementalCachingStateStep.java:27)
	at org.gradle.internal.execution.steps.AbstractResolveCachingStateStep.execute(AbstractResolveCachingStateStep.java:71)
	at org.gradle.internal.execution.steps.AbstractResolveCachingStateStep.execute(AbstractResolveCachingStateStep.java:39)
	at org.gradle.internal.execution.steps.ResolveChangesStep.executeMutable(ResolveChangesStep.java:63)
	at org.gradle.internal.execution.steps.ResolveChangesStep.executeMutable(ResolveChangesStep.java:34)
	at org.gradle.internal.execution.steps.MutableStep.execute(MutableStep.java:25)
	at org.gradle.internal.execution.steps.ValidateStep.execute(ValidateStep.java:64)
	at org.gradle.internal.execution.steps.ValidateStep.execute(ValidateStep.java:42)
	at org.gradle.internal.execution.steps.AbstractCaptureStateBeforeExecutionStep.execute(AbstractCaptureStateBeforeExecutionStep.java:77)
	at org.gradle.internal.execution.steps.AbstractCaptureStateBeforeExecutionStep.execute(AbstractCaptureStateBeforeExecutionStep.java:46)
	at org.gradle.internal.execution.steps.AbstractSkipEmptyWorkStep.executeWithNonEmptySources(AbstractSkipEmptyWorkStep.java:133)
	at org.gradle.internal.execution.steps.AbstractSkipEmptyWorkStep.execute(AbstractSkipEmptyWorkStep.java:64)
	at org.gradle.internal.execution.steps.AbstractSkipEmptyWorkStep.execute(AbstractSkipEmptyWorkStep.java:36)
	at org.gradle.internal.execution.steps.legacy.MarkSnapshottingInputsStartedStep.execute(MarkSnapshottingInputsStartedStep.java:38)
	at org.gradle.internal.execution.steps.LoadPreviousExecutionStateStep.execute(LoadPreviousExecutionStateStep.java:36)
	at org.gradle.internal.execution.steps.LoadPreviousExecutionStateStep.execute(LoadPreviousExecutionStateStep.java:23)
	at org.gradle.internal.execution.steps.HandleStaleOutputsStep.executeMutable(HandleStaleOutputsStep.java:77)
	at org.gradle.internal.execution.steps.HandleStaleOutputsStep.executeMutable(HandleStaleOutputsStep.java:43)
	at org.gradle.internal.execution.steps.MutableStep.execute(MutableStep.java:25)
	at org.gradle.internal.execution.steps.AssignMutableWorkspaceStep.lambda$execute$0(AssignMutableWorkspaceStep.java:35)
	at org.gradle.api.internal.tasks.execution.TaskExecution$4.withWorkspace(TaskExecution.java:305)
	at org.gradle.internal.execution.steps.AssignMutableWorkspaceStep.execute(AssignMutableWorkspaceStep.java:31)
	at org.gradle.internal.execution.steps.AssignMutableWorkspaceStep.execute(AssignMutableWorkspaceStep.java:22)
	at org.gradle.internal.execution.steps.ChoosePipelineStep.execute(ChoosePipelineStep.java:40)
	at org.gradle.internal.execution.steps.ChoosePipelineStep.execute(ChoosePipelineStep.java:23)
	at org.gradle.internal.execution.steps.ExecuteWorkBuildOperationFiringStep.lambda$execute$2(ExecuteWorkBuildOperationFiringStep.java:67)
	at org.gradle.internal.execution.steps.ExecuteWorkBuildOperationFiringStep.execute(ExecuteWorkBuildOperationFiringStep.java:67)
	at org.gradle.internal.execution.steps.ExecuteWorkBuildOperationFiringStep.execute(ExecuteWorkBuildOperationFiringStep.java:39)
	at org.gradle.internal.execution.steps.IdentityCacheStep.execute(IdentityCacheStep.java:46)
	at org.gradle.internal.execution.steps.IdentityCacheStep.execute(IdentityCacheStep.java:34)
	at org.gradle.internal.execution.steps.IdentifyStep.execute(IdentifyStep.java:44)
	at org.gradle.internal.execution.steps.IdentifyStep.execute(IdentifyStep.java:31)
	at org.gradle.internal.execution.impl.DefaultExecutionEngine$1.execute(DefaultExecutionEngine.java:68)
	at org.gradle.api.internal.tasks.execution.ExecuteActionsTaskExecuter.executeIfValid(ExecuteActionsTaskExecuter.java:132)
	... 30 more


Deprecated Gradle features were used in this build, making it incompatible with Gradle 10.

You can use '--warning-mode all' to show the individual deprecation warnings and determine if they come from your own scripts or plugins.

For more on this, please refer to https://docs.gradle.org/9.3.1/userguide/command_line_interface.html#sec:command_line_warnings in the Gradle documentation.

2 actionable tasks: 2 executed
BUILD FAILED in 2s
